<?xml version="1.0" encoding="UTF-8"?>
<testng-results ignored="0" total="1" passed="1" failed="0" skipped="0">
  <reporter-output>
  </reporter-output>
  <suite started-at="2023-02-16T10:00:10 IST" name="Default suite" finished-at="2023-02-16T10:00:10 IST" duration-ms="105">
    <groups>
    </groups>
    <test started-at="2023-02-16T10:00:10 IST" name="Default test" finished-at="2023-02-16T10:00:10 IST" duration-ms="105">
      <class name="Vtiger.Practice.ReadDataFromcmdLineTest">
        <test-method signature="readData()[pri:0, instance:Vtiger.Practice.ReadDataFromcmdLineTest@4738a206]" started-at="2023-02-16T10:00:10 IST" name="readData" finished-at="2023-02-16T10:00:10 IST" duration-ms="23" status="PASS">
          <reporter-output>
          </reporter-output>
        </test-method> <!-- readData -->
      </class> <!-- Vtiger.Practice.ReadDataFromcmdLineTest -->
    </test> <!-- Default test -->
  </suite> <!-- Default suite -->
</testng-results>
